2018-03-06 23:22:53,115 [Worker-16] INFO  o.e.m.c.i.p.ProjectConfigurationManager - Collecting project info '/pom.xml' C:\DigitalLife_SeleniumTestNG\digitallife\pom.xml
2018-03-06 23:22:55,944 [Worker-16] INFO  o.e.m.c.i.l.LifecycleMappingFactory - Using org.eclipse.m2e.jdt.JarLifecycleMapping lifecycle mapping for MavenProject: com.att.digitallife:digitallife:0.0.1-SNAPSHOT @ C:\DigitalLife_SeleniumTestNG\digitallife\pom.xml.
2018-03-06 23:22:56,650 [Worker-16] INFO  o.e.m.j.i.AbstractJavaProjectConfigurator - Adding source folder /digitallife/src/main/java
2018-03-06 23:22:56,664 [Worker-16] INFO  o.e.m.j.i.AbstractJavaProjectConfigurator - Adding source folder /digitallife/src/test/java
2018-03-06 23:22:57,513 [Worker-16] INFO  o.e.m.c.i.p.ProjectConfigurationManager - Imported and configured 1 project(s) in 4 sec
2018-03-06 23:22:58,218 [Worker-11] INFO  o.e.m.c.i.embedder.EclipseLogger - Using 'UTF-8' encoding to copy filtered resources.
2018-03-06 23:22:58,219 [Worker-11] INFO  o.e.m.c.i.embedder.EclipseLogger - skip non existing resourceDirectory C:\DigitalLife_SeleniumTestNG\digitallife\src\main\resources
2018-03-06 23:22:58,221 [Worker-11] INFO  o.e.m.c.i.embedder.EclipseLogger - Using 'UTF-8' encoding to copy filtered resources.
2018-03-06 23:22:58,221 [Worker-11] INFO  o.e.m.c.i.embedder.EclipseLogger - skip non existing resourceDirectory C:\DigitalLife_SeleniumTestNG\digitallife\src\test\resources
2018-03-06 23:25:05,813 [Worker-6] INFO  o.e.m.c.i.embedder.EclipseLogger - Using 'UTF-8' encoding to copy filtered resources.
2018-03-06 23:25:05,813 [Worker-6] INFO  o.e.m.c.i.embedder.EclipseLogger - skip non existing resourceDirectory C:\DigitalLife_SeleniumTestNG\digitallife\src\main\resources
2018-03-06 23:25:05,814 [Worker-6] INFO  o.e.m.c.i.embedder.EclipseLogger - Using 'UTF-8' encoding to copy filtered resources.
2018-03-06 23:25:05,815 [Worker-6] INFO  o.e.m.c.i.embedder.EclipseLogger - skip non existing resourceDirectory C:\DigitalLife_SeleniumTestNG\digitallife\src\test\resources
2018-03-06 23:25:15,055 [Worker-6] INFO  o.e.m.c.i.embedder.EclipseLogger - Using 'UTF-8' encoding to copy filtered resources.
2018-03-06 23:25:15,055 [Worker-6] INFO  o.e.m.c.i.embedder.EclipseLogger - skip non existing resourceDirectory C:\DigitalLife_SeleniumTestNG\digitallife\src\main\resources
2018-03-06 23:25:15,057 [Worker-6] INFO  o.e.m.c.i.embedder.EclipseLogger - Using 'UTF-8' encoding to copy filtered resources.
2018-03-06 23:25:15,057 [Worker-6] INFO  o.e.m.c.i.embedder.EclipseLogger - skip non existing resourceDirectory C:\DigitalLife_SeleniumTestNG\digitallife\src\test\resources
2018-03-06 23:27:47,572 [Worker-6] INFO  o.e.m.c.i.l.LifecycleMappingFactory - Using org.eclipse.m2e.jdt.JarLifecycleMapping lifecycle mapping for MavenProject: com.att.digitallife:digitallife:0.0.1-SNAPSHOT @ C:\DigitalLife_SeleniumTestNG\digitallife\pom.xml.
2018-03-06 23:27:48,006 [Worker-6] INFO  o.e.m.c.i.embedder.EclipseLogger - Using 'UTF-8' encoding to copy filtered resources.
2018-03-06 23:27:48,007 [Worker-6] INFO  o.e.m.c.i.embedder.EclipseLogger - skip non existing resourceDirectory C:\DigitalLife_SeleniumTestNG\digitallife\src\main\resources
2018-03-06 23:27:48,010 [Worker-6] INFO  o.e.m.c.i.embedder.EclipseLogger - Using 'UTF-8' encoding to copy filtered resources.
2018-03-06 23:27:48,011 [Worker-6] INFO  o.e.m.c.i.embedder.EclipseLogger - skip non existing resourceDirectory C:\DigitalLife_SeleniumTestNG\digitallife\src\test\resources
2018-03-06 23:29:07,293 [Worker-13] INFO  o.e.m.c.i.embedder.EclipseLogger - Using 'UTF-8' encoding to copy filtered resources.
2018-03-06 23:29:07,293 [Worker-13] INFO  o.e.m.c.i.embedder.EclipseLogger - skip non existing resourceDirectory C:\DigitalLife_SeleniumTestNG\digitallife\src\main\resources
2018-03-06 23:29:07,296 [Worker-13] INFO  o.e.m.c.i.embedder.EclipseLogger - Using 'UTF-8' encoding to copy filtered resources.
2018-03-06 23:29:07,296 [Worker-13] INFO  o.e.m.c.i.embedder.EclipseLogger - skip non existing resourceDirectory C:\DigitalLife_SeleniumTestNG\digitallife\src\test\resources
2018-03-06 23:32:15,708 [main] INFO  c.g.t.t.d.PublishedGradleVersions - Gradle version information cache file is out-of-date. Remote download required.
2018-03-06 23:34:58,688 [Worker-18] INFO  o.e.m.c.i.embedder.EclipseLogger - Using 'UTF-8' encoding to copy filtered resources.
2018-03-06 23:34:58,689 [Worker-18] INFO  o.e.m.c.i.embedder.EclipseLogger - skip non existing resourceDirectory C:\DigitalLife_SeleniumTestNG\digitallife\src\main\resources
2018-03-06 23:34:58,691 [Worker-18] INFO  o.e.m.c.i.embedder.EclipseLogger - Using 'UTF-8' encoding to copy filtered resources.
2018-03-06 23:34:58,692 [Worker-18] INFO  o.e.m.c.i.embedder.EclipseLogger - skip non existing resourceDirectory C:\DigitalLife_SeleniumTestNG\digitallife\src\test\resources
2018-03-06 23:36:26,551 [main] INFO  o.e.m.c.i.l.LifecycleMappingFactory - Using org.eclipse.m2e.jdt.JarLifecycleMapping lifecycle mapping for MavenProject: com.att.digitallife:digitallife:0.0.1-SNAPSHOT @ C:\DigitalLife_SeleniumTestNG\digitallife\pom.xml.
2018-03-06 23:36:37,642 [Worker-11] INFO  o.e.m.c.i.embedder.EclipseLogger - Using 'UTF-8' encoding to copy filtered resources.
2018-03-06 23:36:37,643 [Worker-11] INFO  o.e.m.c.i.embedder.EclipseLogger - skip non existing resourceDirectory C:\DigitalLife_SeleniumTestNG\digitallife\src\main\resources
2018-03-06 23:36:37,648 [Worker-11] INFO  o.e.m.c.i.embedder.EclipseLogger - Using 'UTF-8' encoding to copy filtered resources.
2018-03-06 23:36:37,648 [Worker-11] INFO  o.e.m.c.i.embedder.EclipseLogger - skip non existing resourceDirectory C:\DigitalLife_SeleniumTestNG\digitallife\src\test\resources
2018-03-06 23:41:04,163 [Worker-11] INFO  o.e.m.c.i.l.LifecycleMappingFactory - Using org.eclipse.m2e.jdt.JarLifecycleMapping lifecycle mapping for MavenProject: com.att.digitallife:digitallife:0.0.1-SNAPSHOT @ C:\DigitalLife_SeleniumTestNG\digitallife\pom.xml.
2018-03-06 23:41:06,507 [Worker-11] INFO  o.e.m.c.i.e.AbstractTransferListenerAdapter - Downloading https://repo.maven.apache.org/maven2/org/apache/logging/log4j/log4j-api/2.10.0/log4j-api-2.10.0.pom
2018-03-06 23:41:06,553 [Worker-11] INFO  o.e.m.c.i.e.AbstractTransferListenerAdapter - Downloaded https://repo.maven.apache.org/maven2/org/apache/logging/log4j/log4j-api/2.10.0/log4j-api-2.10.0.pom
2018-03-06 23:41:06,580 [Worker-11] INFO  o.e.m.c.i.e.AbstractTransferListenerAdapter - Downloading https://repo.maven.apache.org/maven2/org/apache/logging/log4j/log4j/2.10.0/log4j-2.10.0.pom
2018-03-06 23:41:06,644 [Worker-11] INFO  o.e.m.c.i.e.AbstractTransferListenerAdapter - Downloaded https://repo.maven.apache.org/maven2/org/apache/logging/log4j/log4j/2.10.0/log4j-2.10.0.pom
2018-03-06 23:41:06,677 [Worker-11] INFO  o.e.m.c.i.e.AbstractTransferListenerAdapter - Downloading https://repo.maven.apache.org/maven2/org/apache/logging/logging-parent/1/logging-parent-1.pom
2018-03-06 23:41:06,714 [Worker-11] INFO  o.e.m.c.i.e.AbstractTransferListenerAdapter - Downloaded https://repo.maven.apache.org/maven2/org/apache/logging/logging-parent/1/logging-parent-1.pom
2018-03-06 23:41:06,770 [Worker-11] INFO  o.e.m.c.i.e.AbstractTransferListenerAdapter - Downloading https://repo.maven.apache.org/maven2/org/apache/logging/log4j/log4j-core/2.10.0/log4j-core-2.10.0.pom
2018-03-06 23:41:06,806 [Worker-11] INFO  o.e.m.c.i.e.AbstractTransferListenerAdapter - Downloaded https://repo.maven.apache.org/maven2/org/apache/logging/log4j/log4j-core/2.10.0/log4j-core-2.10.0.pom
2018-03-06 23:41:06,849 [Worker-11] INFO  o.e.m.c.i.e.AbstractTransferListenerAdapter - Downloading https://repo.maven.apache.org/maven2/org/apache/logging/log4j/log4j-api/2.10.0/log4j-api-2.10.0.jar
2018-03-06 23:41:06,942 [Worker-11] INFO  o.e.m.c.i.e.AbstractTransferListenerAdapter - Downloaded https://repo.maven.apache.org/maven2/org/apache/logging/log4j/log4j-api/2.10.0/log4j-api-2.10.0.jar
2018-03-06 23:41:07,004 [Worker-11] INFO  o.e.m.c.i.e.AbstractTransferListenerAdapter - Downloading https://repo.maven.apache.org/maven2/org/apache/logging/log4j/log4j-core/2.10.0/log4j-core-2.10.0.jar
2018-03-06 23:41:07,322 [Worker-11] INFO  o.e.m.c.i.e.AbstractTransferListenerAdapter - Downloaded https://repo.maven.apache.org/maven2/org/apache/logging/log4j/log4j-core/2.10.0/log4j-core-2.10.0.jar
2018-03-06 23:41:08,106 [Worker-11] INFO  o.e.m.c.i.embedder.EclipseLogger - Using 'UTF-8' encoding to copy filtered resources.
2018-03-06 23:41:08,106 [Worker-11] INFO  o.e.m.c.i.embedder.EclipseLogger - skip non existing resourceDirectory C:\DigitalLife_SeleniumTestNG\digitallife\src\main\resources
2018-03-06 23:41:08,109 [Worker-11] INFO  o.e.m.c.i.embedder.EclipseLogger - Using 'UTF-8' encoding to copy filtered resources.
2018-03-06 23:41:08,109 [Worker-11] INFO  o.e.m.c.i.embedder.EclipseLogger - skip non existing resourceDirectory C:\DigitalLife_SeleniumTestNG\digitallife\src\test\resources
2018-03-06 23:41:09,290 [Worker-11] INFO  o.e.m.c.i.embedder.EclipseLogger - Using 'UTF-8' encoding to copy filtered resources.
2018-03-06 23:41:09,290 [Worker-11] INFO  o.e.m.c.i.embedder.EclipseLogger - skip non existing resourceDirectory C:\DigitalLife_SeleniumTestNG\digitallife\src\main\resources
2018-03-06 23:41:09,291 [Worker-11] INFO  o.e.m.c.i.embedder.EclipseLogger - Using 'UTF-8' encoding to copy filtered resources.
2018-03-06 23:41:09,292 [Worker-11] INFO  o.e.m.c.i.embedder.EclipseLogger - skip non existing resourceDirectory C:\DigitalLife_SeleniumTestNG\digitallife\src\test\resources
2018-03-06 23:49:23,984 [Worker-11] INFO  o.e.m.c.i.embedder.EclipseLogger - Using 'UTF-8' encoding to copy filtered resources.
2018-03-06 23:49:23,984 [Worker-11] INFO  o.e.m.c.i.embedder.EclipseLogger - skip non existing resourceDirectory C:\DigitalLife_SeleniumTestNG\digitallife\src\main\resources
2018-03-06 23:49:23,986 [Worker-11] INFO  o.e.m.c.i.embedder.EclipseLogger - Using 'UTF-8' encoding to copy filtered resources.
2018-03-06 23:49:23,986 [Worker-11] INFO  o.e.m.c.i.embedder.EclipseLogger - skip non existing resourceDirectory C:\DigitalLife_SeleniumTestNG\digitallife\src\test\resources
2018-03-06 23:54:45,046 [Worker-7] INFO  o.e.m.c.i.l.LifecycleMappingFactory - Using org.eclipse.m2e.jdt.JarLifecycleMapping lifecycle mapping for MavenProject: com.att.digitallife:digitallife:0.0.1-SNAPSHOT @ C:\DigitalLife_SeleniumTestNG\digitallife\pom.xml.
2018-03-06 23:54:47,088 [Worker-2] INFO  o.e.m.c.i.embedder.EclipseLogger - Using 'UTF-8' encoding to copy filtered resources.
2018-03-06 23:54:47,088 [Worker-2] INFO  o.e.m.c.i.embedder.EclipseLogger - skip non existing resourceDirectory C:\DigitalLife_SeleniumTestNG\digitallife\src\main\resources
2018-03-06 23:54:47,091 [Worker-2] INFO  o.e.m.c.i.embedder.EclipseLogger - Using 'UTF-8' encoding to copy filtered resources.
2018-03-06 23:54:47,092 [Worker-2] INFO  o.e.m.c.i.embedder.EclipseLogger - skip non existing resourceDirectory C:\DigitalLife_SeleniumTestNG\digitallife\src\test\resources
2018-03-06 23:55:12,089 [Worker-8] INFO  o.e.m.c.i.embedder.EclipseLogger - Using 'UTF-8' encoding to copy filtered resources.
2018-03-06 23:55:12,089 [Worker-8] INFO  o.e.m.c.i.embedder.EclipseLogger - skip non existing resourceDirectory C:\DigitalLife_SeleniumTestNG\digitallife\src\main\resources
2018-03-06 23:55:12,090 [Worker-8] INFO  o.e.m.c.i.embedder.EclipseLogger - Using 'UTF-8' encoding to copy filtered resources.
2018-03-06 23:55:12,090 [Worker-8] INFO  o.e.m.c.i.embedder.EclipseLogger - skip non existing resourceDirectory C:\DigitalLife_SeleniumTestNG\digitallife\src\test\resources
2018-03-06 23:55:56,303 [Worker-1] INFO  o.e.m.c.i.e.AbstractTransferListenerAdapter - Downloading https://repo.maven.apache.org/maven2/org/apache/maven/plugins/maven-site-plugin/maven-metadata.xml
2018-03-06 23:55:56,344 [Worker-1] INFO  o.e.m.c.i.e.AbstractTransferListenerAdapter - Downloaded https://repo.maven.apache.org/maven2/org/apache/maven/plugins/maven-site-plugin/maven-metadata.xml
2018-03-06 23:55:56,375 [Worker-1] INFO  o.e.m.c.i.e.AbstractTransferListenerAdapter - Downloading https://repo.maven.apache.org/maven2/org/apache/maven/plugins/maven-site-plugin/3.7/maven-site-plugin-3.7.pom
2018-03-06 23:55:56,420 [Worker-1] INFO  o.e.m.c.i.e.AbstractTransferListenerAdapter - Downloaded https://repo.maven.apache.org/maven2/org/apache/maven/plugins/maven-site-plugin/3.7/maven-site-plugin-3.7.pom
2018-03-06 23:55:56,448 [Worker-1] INFO  o.e.m.c.i.e.AbstractTransferListenerAdapter - Downloading https://repo.maven.apache.org/maven2/org/apache/maven/plugins/maven-plugins/30/maven-plugins-30.pom
2018-03-06 23:55:56,480 [Worker-1] INFO  o.e.m.c.i.e.AbstractTransferListenerAdapter - Downloaded https://repo.maven.apache.org/maven2/org/apache/maven/plugins/maven-plugins/30/maven-plugins-30.pom
2018-03-06 23:55:56,562 [Worker-1] INFO  o.e.m.c.i.e.AbstractTransferListenerAdapter - Downloading https://repo.maven.apache.org/maven2/org/apache/maven/plugins/maven-site-plugin/3.7/maven-site-plugin-3.7.jar
2018-03-06 23:55:56,635 [Worker-1] INFO  o.e.m.c.i.e.AbstractTransferListenerAdapter - Downloaded https://repo.maven.apache.org/maven2/org/apache/maven/plugins/maven-site-plugin/3.7/maven-site-plugin-3.7.jar
2018-03-06 23:55:56,749 [Worker-1] INFO  o.e.m.c.i.l.LifecycleMappingFactory - Using DEFAULT lifecycle mapping for MavenProject: com.att.digitallife:digitallife:0.0.1-SNAPSHOT @ C:\DigitalLife_SeleniumTestNG\digitallife\pom.xml.
2018-03-06 23:56:05,618 [Worker-9] INFO  o.e.m.c.i.l.LifecycleMappingFactory - Using NULL lifecycle mapping for MavenProject: com.att.digitallife:digitallife:0.0.1-SNAPSHOT @ C:\DigitalLife_SeleniumTestNG\digitallife\pom.xml.
2018-03-06 23:56:24,464 [main] INFO  c.g.t.t.d.PublishedGradleVersions - Gradle version information cache file is not out-of-date. No remote download required.
2018-03-06 23:57:08,357 [Worker-7] INFO  o.e.m.c.i.p.ProjectConfigurationManager - Update started
2018-03-06 23:57:08,384 [Worker-7] INFO  o.e.m.c.i.l.LifecycleMappingFactory - Using NULL lifecycle mapping for MavenProject: com.att.digitallife:digitallife:0.0.1-SNAPSHOT @ C:\DigitalLife_SeleniumTestNG\digitallife\pom.xml.
2018-03-06 23:57:08,639 [Worker-7] INFO  o.e.m.c.i.p.ProjectConfigurationManager - Update completed: 0 sec
2018-03-06 23:57:49,622 [Worker-7] INFO  o.e.m.c.i.p.ProjectConfigurationManager - Collecting project info '/pom.xml' C:\DigitalLife_SeleniumTestNG\digitallife\common\pom.xml
2018-03-06 23:57:50,670 [Worker-7] INFO  o.e.m.c.i.l.LifecycleMappingFactory - Using org.eclipse.m2e.jdt.JarLifecycleMapping lifecycle mapping for MavenProject: com.att.digitallife:common:0.0.1-SNAPSHOT @ C:\DigitalLife_SeleniumTestNG\digitallife\common\pom.xml.
2018-03-06 23:57:51,208 [Worker-7] INFO  o.e.m.j.i.AbstractJavaProjectConfigurator - Adding source folder /common/src/main/java
2018-03-06 23:57:51,220 [Worker-7] INFO  o.e.m.j.i.AbstractJavaProjectConfigurator - Adding source folder /common/src/test/java
2018-03-06 23:57:51,366 [Worker-7] INFO  o.e.m.c.i.p.ProjectConfigurationManager - Imported and configured 1 project(s) in 1 sec
2018-03-06 23:57:52,033 [Worker-2] INFO  o.e.m.c.i.embedder.EclipseLogger - Using 'UTF-8' encoding to copy filtered resources.
2018-03-06 23:57:52,033 [Worker-2] INFO  o.e.m.c.i.embedder.EclipseLogger - skip non existing resourceDirectory C:\DigitalLife_SeleniumTestNG\digitallife\common\src\main\resources
2018-03-06 23:57:52,036 [Worker-2] INFO  o.e.m.c.i.embedder.EclipseLogger - Using 'UTF-8' encoding to copy filtered resources.
2018-03-06 23:57:52,036 [Worker-2] INFO  o.e.m.c.i.embedder.EclipseLogger - skip non existing resourceDirectory C:\DigitalLife_SeleniumTestNG\digitallife\common\src\test\resources
2018-03-06 23:57:53,308 [Worker-13] INFO  o.e.m.c.i.l.LifecycleMappingFactory - Using NULL lifecycle mapping for MavenProject: com.att.digitallife:digitallife:0.0.1-SNAPSHOT @ C:\DigitalLife_SeleniumTestNG\digitallife\pom.xml.
2018-03-06 23:57:54,489 [Worker-13] INFO  o.e.m.c.i.l.LifecycleMappingFactory - Using org.eclipse.m2e.jdt.JarLifecycleMapping lifecycle mapping for MavenProject: com.att.digitallife:common:0.0.1-SNAPSHOT @ C:\DigitalLife_SeleniumTestNG\digitallife\common\pom.xml.
2018-03-06 23:57:56,624 [Worker-15] INFO  o.e.m.c.i.embedder.EclipseLogger - Using 'UTF-8' encoding to copy filtered resources.
2018-03-06 23:57:56,624 [Worker-15] INFO  o.e.m.c.i.embedder.EclipseLogger - skip non existing resourceDirectory C:\DigitalLife_SeleniumTestNG\digitallife\common\src\main\resources
2018-03-06 23:57:56,626 [Worker-15] INFO  o.e.m.c.i.embedder.EclipseLogger - Using 'UTF-8' encoding to copy filtered resources.
2018-03-06 23:57:56,626 [Worker-15] INFO  o.e.m.c.i.embedder.EclipseLogger - skip non existing resourceDirectory C:\DigitalLife_SeleniumTestNG\digitallife\common\src\test\resources
2018-03-07 00:00:24,015 [Worker-16] INFO  o.e.m.c.i.embedder.EclipseLogger - Using 'UTF-8' encoding to copy filtered resources.
2018-03-07 00:00:24,033 [Worker-16] INFO  o.e.m.c.i.embedder.EclipseLogger - Copying 0 resource
2018-03-07 00:00:24,036 [Worker-16] INFO  o.e.m.c.i.embedder.EclipseLogger - Using 'UTF-8' encoding to copy filtered resources.
2018-03-07 00:00:24,037 [Worker-16] INFO  o.e.m.c.i.embedder.EclipseLogger - skip non existing resourceDirectory C:\DigitalLife_SeleniumTestNG\digitallife\common\src\test\resources
2018-03-07 00:00:35,758 [Worker-6] INFO  o.e.m.c.i.embedder.EclipseLogger - Using 'UTF-8' encoding to copy filtered resources.
2018-03-07 00:00:35,763 [Worker-6] INFO  o.e.m.c.i.embedder.EclipseLogger - Copying 1 resource
2018-03-07 00:00:35,796 [Worker-6] INFO  o.e.m.c.i.embedder.EclipseLogger - Using 'UTF-8' encoding to copy filtered resources.
2018-03-07 00:00:35,796 [Worker-6] INFO  o.e.m.c.i.embedder.EclipseLogger - skip non existing resourceDirectory C:\DigitalLife_SeleniumTestNG\digitallife\common\src\test\resources
2018-03-07 00:03:38,945 [Worker-9] INFO  o.e.m.c.i.l.LifecycleMappingFactory - Using org.eclipse.m2e.jdt.JarLifecycleMapping lifecycle mapping for MavenProject: com.att.digitallife:common:0.0.1-SNAPSHOT @ C:\DigitalLife_SeleniumTestNG\digitallife\common\pom.xml.
2018-03-07 00:03:39,363 [Worker-9] INFO  o.e.m.c.i.embedder.EclipseLogger - Using 'UTF-8' encoding to copy filtered resources.
2018-03-07 00:03:39,365 [Worker-9] INFO  o.e.m.c.i.embedder.EclipseLogger - Copying 0 resource
2018-03-07 00:03:39,368 [Worker-9] INFO  o.e.m.c.i.embedder.EclipseLogger - Using 'UTF-8' encoding to copy filtered resources.
2018-03-07 00:03:39,368 [Worker-9] INFO  o.e.m.c.i.embedder.EclipseLogger - skip non existing resourceDirectory C:\DigitalLife_SeleniumTestNG\digitallife\common\src\test\resources
2018-03-07 00:06:34,735 [Worker-9] INFO  o.e.m.c.i.p.ProjectConfigurationManager - Collecting project info '/pom.xml' C:\DigitalLife_SeleniumTestNG\digitallife\common\pom.xml
2018-03-07 00:06:35,967 [Worker-9] INFO  o.e.m.c.i.l.LifecycleMappingFactory - Using org.eclipse.m2e.jdt.JarLifecycleMapping lifecycle mapping for MavenProject: com.att.digitallife:common:0.0.1-SNAPSHOT @ C:\DigitalLife_SeleniumTestNG\digitallife\common\pom.xml.
2018-03-07 00:06:36,471 [Worker-9] INFO  o.e.m.j.i.AbstractJavaProjectConfigurator - Adding source folder /common/src/main/java
2018-03-07 00:06:36,483 [Worker-9] INFO  o.e.m.j.i.AbstractJavaProjectConfigurator - Adding source folder /common/src/test/java
2018-03-07 00:06:36,644 [Worker-9] INFO  o.e.m.c.i.p.ProjectConfigurationManager - Imported and configured 1 project(s) in 1 sec
2018-03-07 00:06:37,192 [Worker-4] INFO  o.e.m.c.i.embedder.EclipseLogger - Using 'UTF-8' encoding to copy filtered resources.
2018-03-07 00:06:37,192 [Worker-4] INFO  o.e.m.c.i.embedder.EclipseLogger - skip non existing resourceDirectory C:\DigitalLife_SeleniumTestNG\digitallife\common\src\main\resources
2018-03-07 00:06:37,197 [Worker-4] INFO  o.e.m.c.i.embedder.EclipseLogger - Using 'UTF-8' encoding to copy filtered resources.
2018-03-07 00:06:37,197 [Worker-4] INFO  o.e.m.c.i.embedder.EclipseLogger - skip non existing resourceDirectory C:\DigitalLife_SeleniumTestNG\digitallife\common\src\test\resources
2018-03-07 00:07:24,547 [Worker-4] INFO  o.e.m.c.i.embedder.EclipseLogger - Using 'UTF-8' encoding to copy filtered resources.
2018-03-07 00:07:24,547 [Worker-4] INFO  o.e.m.c.i.embedder.EclipseLogger - skip non existing resourceDirectory C:\DigitalLife_SeleniumTestNG\digitallife\common\src\main\resources
2018-03-07 00:07:24,549 [Worker-4] INFO  o.e.m.c.i.embedder.EclipseLogger - Using 'UTF-8' encoding to copy filtered resources.
2018-03-07 00:07:24,549 [Worker-4] INFO  o.e.m.c.i.embedder.EclipseLogger - skip non existing resourceDirectory C:\DigitalLife_SeleniumTestNG\digitallife\common\src\test\resources
2018-03-07 00:08:28,199 [Worker-8] INFO  o.e.m.c.i.embedder.EclipseLogger - Using 'UTF-8' encoding to copy filtered resources.
2018-03-07 00:08:28,199 [Worker-8] INFO  o.e.m.c.i.embedder.EclipseLogger - skip non existing resourceDirectory C:\DigitalLife_SeleniumTestNG\digitallife\common\src\main\resources
2018-03-07 00:08:28,200 [Worker-8] INFO  o.e.m.c.i.embedder.EclipseLogger - Using 'UTF-8' encoding to copy filtered resources.
2018-03-07 00:08:28,200 [Worker-8] INFO  o.e.m.c.i.embedder.EclipseLogger - skip non existing resourceDirectory C:\DigitalLife_SeleniumTestNG\digitallife\common\src\test\resources
2018-03-07 00:08:41,937 [Worker-11] INFO  o.e.m.c.i.embedder.EclipseLogger - Using 'UTF-8' encoding to copy filtered resources.
2018-03-07 00:08:41,939 [Worker-11] INFO  o.e.m.c.i.embedder.EclipseLogger - Copying 0 resource
2018-03-07 00:08:41,940 [Worker-11] INFO  o.e.m.c.i.embedder.EclipseLogger - Using 'UTF-8' encoding to copy filtered resources.
2018-03-07 00:08:41,940 [Worker-11] INFO  o.e.m.c.i.embedder.EclipseLogger - skip non existing resourceDirectory C:\DigitalLife_SeleniumTestNG\digitallife\common\src\test\resources
2018-03-07 00:08:56,349 [Worker-1] INFO  o.e.m.c.i.embedder.EclipseLogger - Using 'UTF-8' encoding to copy filtered resources.
2018-03-07 00:08:56,351 [Worker-1] INFO  o.e.m.c.i.embedder.EclipseLogger - Copying 1 resource
2018-03-07 00:08:56,367 [Worker-1] INFO  o.e.m.c.i.embedder.EclipseLogger - Using 'UTF-8' encoding to copy filtered resources.
2018-03-07 00:08:56,368 [Worker-1] INFO  o.e.m.c.i.embedder.EclipseLogger - skip non existing resourceDirectory C:\DigitalLife_SeleniumTestNG\digitallife\common\src\test\resources
2018-03-07 00:29:45,186 [Worker-5] INFO  o.e.m.c.i.l.LifecycleMappingFactory - Using NULL lifecycle mapping for MavenProject: com.att.digitallife:digitallife:0.0.1-SNAPSHOT @ C:\DigitalLife_SeleniumTestNG\digitallife\pom.xml.
2018-03-07 00:29:46,551 [Worker-5] INFO  o.e.m.c.i.l.LifecycleMappingFactory - Using org.eclipse.m2e.jdt.JarLifecycleMapping lifecycle mapping for MavenProject: com.att.digitallife:common:0.0.1-SNAPSHOT @ C:\DigitalLife_SeleniumTestNG\digitallife\common\pom.xml.
2018-03-07 00:29:48,721 [Worker-22] INFO  o.e.m.c.i.embedder.EclipseLogger - Using 'UTF-8' encoding to copy filtered resources.
2018-03-07 00:29:48,727 [Worker-22] INFO  o.e.m.c.i.embedder.EclipseLogger - Copying 1 resource
2018-03-07 00:29:48,740 [Worker-22] INFO  o.e.m.c.i.embedder.EclipseLogger - Using 'UTF-8' encoding to copy filtered resources.
2018-03-07 00:29:48,741 [Worker-22] INFO  o.e.m.c.i.embedder.EclipseLogger - skip non existing resourceDirectory C:\DigitalLife_SeleniumTestNG\digitallife\common\src\test\resources
2018-03-07 00:43:45,999 [Worker-20] INFO  o.e.m.c.i.embedder.EclipseLogger - Using 'UTF-8' encoding to copy filtered resources.
2018-03-07 00:43:46,001 [Worker-20] INFO  o.e.m.c.i.embedder.EclipseLogger - Copying 1 resource
2018-03-07 00:43:46,011 [Worker-20] INFO  o.e.m.c.i.embedder.EclipseLogger - Using 'UTF-8' encoding to copy filtered resources.
2018-03-07 00:43:46,012 [Worker-20] INFO  o.e.m.c.i.embedder.EclipseLogger - skip non existing resourceDirectory C:\DigitalLife_SeleniumTestNG\digitallife\common\src\test\resources
2018-03-07 00:48:07,645 [Worker-25] INFO  o.e.m.c.i.embedder.EclipseLogger - Using 'UTF-8' encoding to copy filtered resources.
2018-03-07 00:48:07,647 [Worker-25] INFO  o.e.m.c.i.embedder.EclipseLogger - Copying 1 resource
2018-03-07 00:48:07,658 [Worker-25] INFO  o.e.m.c.i.embedder.EclipseLogger - Using 'UTF-8' encoding to copy filtered resources.
